INFO:root:MAIN: creando 3 clientes
INFO:root:CLIENTE 0: creado. Entrando en espera
INFO:root:CLIENTE 1: creado. Entrando en espera
INFO:root:CLIENTE 2: creado. Entrando en espera
INFO:root:MAIN: Se han creado correctamente todos los clientes, iniciando las conexiones en 5 segundos. Cada conexion será lanzada con 1 segundo(s) de diferencia
INFO:root:CLIENTE 0: Iniciando proceso de conexion
INFO:root:CLIENTE 0: Intentando conectarse a localhost usando el puerto 12345
INFO:root:CLIENTE 0: Conexion exitosa! Esperando al envio
INFO:root:CLIENTE 0: Esperando al envio de un archivo
INFO:root:CLIENTE 1: Iniciando proceso de conexion
INFO:root:CLIENTE 1: Intentando conectarse a localhost usando el puerto 12345
INFO:root:CLIENTE 1: Conexion exitosa! Esperando al envio
INFO:root:CLIENTE 1: Esperando al envio de un archivo
INFO:root:CLIENTE 2: Iniciando proceso de conexion
INFO:root:CLIENTE 2: Intentando conectarse a localhost usando el puerto 12345
INFO:root:CLIENTE 2: Conexion exitosa! Esperando al envio
INFO:root:CLIENTE 2: Esperando al envio de un archivo
INFO:root:CLIENTE 0: Recibiendo archivo 100MB.bin de tamaño 104857600
INFO:root:CLIENTE 1: Recibiendo archivo 100MB.bin de tamaño 104857600
INFO:root:CLIENTE 2: Recibiendo archivo 100MB.bin de tamaño 104857600
INFO:root:MAIN: Se han recibido todos los archivos. Se verificará Integridad para cada cliente.
INFO:root:CLIENTE 2: Integridad verificada correctamente (Hash OK)
INFO:root:CLIENTE 2: Total_de_bytes_recibidos:104857600 - Tiempo_tranferencia:106.146segundos - Tasa_transferencia_promedio:987861.434B/s
INFO:root:CLIENTE 1: Integridad verificada correctamente (Hash OK)
INFO:root:CLIENTE 1: Total_de_bytes_recibidos:104857600 - Tiempo_tranferencia:104.731segundos - Tasa_transferencia_promedio:1001208.265B/s
INFO:root:CLIENTE 0: Integridad verificada correctamente (Hash OK)
INFO:root:CLIENTE 0: Total_de_bytes_recibidos:104857600 - Tiempo_tranferencia:106.764segundos - Tasa_transferencia_promedio:982140.711B/s
INFO:root:MAIN: Los archivos transferidos exitosamente fueron almacenados en "archivos_recibidos/clienteX_Y", donde X es el numero del cliente y Y el nombre original del archivo transferido
INFO:root:MAIN: Ejecucion terminada
