INFO:root:MAIN: creando 25 clientes
INFO:root:CLIENTE 0: creado. Entrando en espera
INFO:root:CLIENTE 1: creado. Entrando en espera
INFO:root:CLIENTE 2: creado. Entrando en espera
INFO:root:CLIENTE 3: creado. Entrando en espera
INFO:root:CLIENTE 4: creado. Entrando en espera
INFO:root:CLIENTE 5: creado. Entrando en espera
INFO:root:CLIENTE 6: creado. Entrando en espera
INFO:root:CLIENTE 7: creado. Entrando en espera
INFO:root:CLIENTE 8: creado. Entrando en espera
INFO:root:CLIENTE 9: creado. Entrando en espera
INFO:root:CLIENTE 10: creado. Entrando en espera
INFO:root:CLIENTE 11: creado. Entrando en espera
INFO:root:CLIENTE 12: creado. Entrando en espera
INFO:root:CLIENTE 13: creado. Entrando en espera
INFO:root:CLIENTE 14: creado. Entrando en espera
INFO:root:CLIENTE 15: creado. Entrando en espera
INFO:root:CLIENTE 16: creado. Entrando en espera
INFO:root:CLIENTE 17: creado. Entrando en espera
INFO:root:CLIENTE 18: creado. Entrando en espera
INFO:root:CLIENTE 19: creado. Entrando en espera
INFO:root:CLIENTE 20: creado. Entrando en espera
INFO:root:CLIENTE 21: creado. Entrando en espera
INFO:root:CLIENTE 22: creado. Entrando en espera
INFO:root:CLIENTE 23: creado. Entrando en espera
INFO:root:CLIENTE 24: creado. Entrando en espera
INFO:root:MAIN: Se han creado correctamente todos los clientes, iniciando las conexiones en 5 segundos. Cada conexion será lanzada con 1 segundo(s) de diferencia
INFO:root:CLIENTE 0: Iniciando proceso de conexion
INFO:root:CLIENTE 0: Intentando conectarse a localhost usando el puerto 10000
INFO:root:CLIENTE 0: Conexion exitosa! Esperando al envio
INFO:root:CLIENTE 0: Esperando al envio de un archivo
INFO:root:CLIENTE 1: Iniciando proceso de conexion
INFO:root:CLIENTE 1: Intentando conectarse a localhost usando el puerto 10000
INFO:root:CLIENTE 1: Conexion exitosa! Esperando al envio
INFO:root:CLIENTE 1: Esperando al envio de un archivo
INFO:root:CLIENTE 2: Iniciando proceso de conexion
INFO:root:CLIENTE 2: Intentando conectarse a localhost usando el puerto 10000
INFO:root:CLIENTE 2: Conexion exitosa! Esperando al envio
INFO:root:CLIENTE 2: Esperando al envio de un archivo
INFO:root:CLIENTE 3: Iniciando proceso de conexion
INFO:root:CLIENTE 3: Intentando conectarse a localhost usando el puerto 10000
INFO:root:CLIENTE 3: Conexion exitosa! Esperando al envio
INFO:root:CLIENTE 3: Esperando al envio de un archivo
INFO:root:CLIENTE 4: Iniciando proceso de conexion
INFO:root:CLIENTE 4: Intentando conectarse a localhost usando el puerto 10000
INFO:root:CLIENTE 4: Conexion exitosa! Esperando al envio
INFO:root:CLIENTE 4: Esperando al envio de un archivo
INFO:root:CLIENTE 5: Iniciando proceso de conexion
INFO:root:CLIENTE 5: Intentando conectarse a localhost usando el puerto 10000
INFO:root:CLIENTE 5: Conexion exitosa! Esperando al envio
INFO:root:CLIENTE 5: Esperando al envio de un archivo
INFO:root:CLIENTE 6: Iniciando proceso de conexion
INFO:root:CLIENTE 6: Intentando conectarse a localhost usando el puerto 10000
INFO:root:CLIENTE 6: Conexion exitosa! Esperando al envio
INFO:root:CLIENTE 6: Esperando al envio de un archivo
INFO:root:CLIENTE 7: Iniciando proceso de conexion
INFO:root:CLIENTE 7: Intentando conectarse a localhost usando el puerto 10000
INFO:root:CLIENTE 7: Conexion exitosa! Esperando al envio
INFO:root:CLIENTE 7: Esperando al envio de un archivo
INFO:root:CLIENTE 8: Iniciando proceso de conexion
INFO:root:CLIENTE 8: Intentando conectarse a localhost usando el puerto 10000
INFO:root:CLIENTE 8: Conexion exitosa! Esperando al envio
INFO:root:CLIENTE 8: Esperando al envio de un archivo
INFO:root:CLIENTE 9: Iniciando proceso de conexion
INFO:root:CLIENTE 9: Intentando conectarse a localhost usando el puerto 10000
INFO:root:CLIENTE 9: Conexion exitosa! Esperando al envio
INFO:root:CLIENTE 9: Esperando al envio de un archivo
INFO:root:CLIENTE 10: Iniciando proceso de conexion
INFO:root:CLIENTE 10: Intentando conectarse a localhost usando el puerto 10000
INFO:root:CLIENTE 10: Conexion exitosa! Esperando al envio
INFO:root:CLIENTE 10: Esperando al envio de un archivo
INFO:root:CLIENTE 11: Iniciando proceso de conexion
INFO:root:CLIENTE 11: Intentando conectarse a localhost usando el puerto 10000
INFO:root:CLIENTE 11: Conexion exitosa! Esperando al envio
INFO:root:CLIENTE 11: Esperando al envio de un archivo
INFO:root:CLIENTE 12: Iniciando proceso de conexion
INFO:root:CLIENTE 12: Intentando conectarse a localhost usando el puerto 10000
INFO:root:CLIENTE 12: Conexion exitosa! Esperando al envio
INFO:root:CLIENTE 12: Esperando al envio de un archivo
INFO:root:CLIENTE 13: Iniciando proceso de conexion
INFO:root:CLIENTE 13: Intentando conectarse a localhost usando el puerto 10000
INFO:root:CLIENTE 13: Conexion exitosa! Esperando al envio
INFO:root:CLIENTE 13: Esperando al envio de un archivo
INFO:root:CLIENTE 14: Iniciando proceso de conexion
INFO:root:CLIENTE 14: Intentando conectarse a localhost usando el puerto 10000
INFO:root:CLIENTE 14: Conexion exitosa! Esperando al envio
INFO:root:CLIENTE 14: Esperando al envio de un archivo
INFO:root:CLIENTE 15: Iniciando proceso de conexion
INFO:root:CLIENTE 15: Intentando conectarse a localhost usando el puerto 10000
INFO:root:CLIENTE 15: Conexion exitosa! Esperando al envio
INFO:root:CLIENTE 15: Esperando al envio de un archivo
INFO:root:CLIENTE 16: Iniciando proceso de conexion
INFO:root:CLIENTE 16: Intentando conectarse a localhost usando el puerto 10000
INFO:root:CLIENTE 16: Conexion exitosa! Esperando al envio
INFO:root:CLIENTE 16: Esperando al envio de un archivo
INFO:root:CLIENTE 17: Iniciando proceso de conexion
INFO:root:CLIENTE 17: Intentando conectarse a localhost usando el puerto 10000
INFO:root:CLIENTE 17: Conexion exitosa! Esperando al envio
INFO:root:CLIENTE 17: Esperando al envio de un archivo
INFO:root:CLIENTE 18: Iniciando proceso de conexion
INFO:root:CLIENTE 18: Intentando conectarse a localhost usando el puerto 10000
INFO:root:CLIENTE 18: Conexion exitosa! Esperando al envio
INFO:root:CLIENTE 18: Esperando al envio de un archivo
INFO:root:CLIENTE 19: Iniciando proceso de conexion
INFO:root:CLIENTE 19: Intentando conectarse a localhost usando el puerto 10000
INFO:root:CLIENTE 19: Conexion exitosa! Esperando al envio
INFO:root:CLIENTE 19: Esperando al envio de un archivo
INFO:root:CLIENTE 20: Iniciando proceso de conexion
INFO:root:CLIENTE 20: Intentando conectarse a localhost usando el puerto 10000
INFO:root:CLIENTE 20: Conexion exitosa! Esperando al envio
INFO:root:CLIENTE 20: Esperando al envio de un archivo
INFO:root:CLIENTE 21: Iniciando proceso de conexion
INFO:root:CLIENTE 21: Intentando conectarse a localhost usando el puerto 10000
INFO:root:CLIENTE 21: Conexion exitosa! Esperando al envio
INFO:root:CLIENTE 21: Esperando al envio de un archivo
INFO:root:CLIENTE 22: Iniciando proceso de conexion
INFO:root:CLIENTE 22: Intentando conectarse a localhost usando el puerto 10000
INFO:root:CLIENTE 22: Conexion exitosa! Esperando al envio
INFO:root:CLIENTE 22: Esperando al envio de un archivo
INFO:root:CLIENTE 23: Iniciando proceso de conexion
INFO:root:CLIENTE 23: Intentando conectarse a localhost usando el puerto 10000
INFO:root:CLIENTE 23: Conexion exitosa! Esperando al envio
INFO:root:CLIENTE 23: Esperando al envio de un archivo
INFO:root:CLIENTE 24: Iniciando proceso de conexion
INFO:root:CLIENTE 24: Intentando conectarse a localhost usando el puerto 10000
INFO:root:CLIENTE 24: Conexion exitosa! Esperando al envio
INFO:root:CLIENTE 24: Esperando al envio de un archivo
INFO:root:CLIENTE 12: Recibiendo archivo 100MB.bin de tamaño 104857600
INFO:root:CLIENTE 15: Recibiendo archivo 100MB.bin de tamaño 104857600
INFO:root:CLIENTE 4: Recibiendo archivo 100MB.bin de tamaño 104857600
INFO:root:CLIENTE 16: Recibiendo archivo 100MB.bin de tamaño 104857600
INFO:root:CLIENTE 24: Recibiendo archivo 100MB.bin de tamaño 104857600
INFO:root:CLIENTE 7: Recibiendo archivo 100MB.bin de tamaño 104857600
INFO:root:CLIENTE 9: Recibiendo archivo 100MB.bin de tamaño 104857600
INFO:root:CLIENTE 14: Recibiendo archivo 100MB.bin de tamaño 104857600
INFO:root:CLIENTE 0: Recibiendo archivo 100MB.bin de tamaño 104857600
INFO:root:CLIENTE 17: Recibiendo archivo 100MB.bin de tamaño 104857600
INFO:root:CLIENTE 19: Recibiendo archivo 100MB.bin de tamaño 104857600
INFO:root:CLIENTE 10: Recibiendo archivo 100MB.bin de tamaño 104857600
INFO:root:CLIENTE 1: Recibiendo archivo 100MB.bin de tamaño 104857600
INFO:root:CLIENTE 3: Recibiendo archivo 100MB.bin de tamaño 104857600
INFO:root:CLIENTE 13: Recibiendo archivo 100MB.bin de tamaño 104857600
INFO:root:CLIENTE 8: Recibiendo archivo 100MB.bin de tamaño 104857600
INFO:root:CLIENTE 6: Recibiendo archivo 100MB.bin de tamaño 104857600
INFO:root:CLIENTE 2: Recibiendo archivo 100MB.bin de tamaño 104857600
INFO:root:CLIENTE 20: Recibiendo archivo 100MB.bin de tamaño 104857600
INFO:root:CLIENTE 21: Recibiendo archivo 100MB.bin de tamaño 104857600
INFO:root:CLIENTE 5: Recibiendo archivo 100MB.bin de tamaño 104857600
INFO:root:CLIENTE 11: Recibiendo archivo 100MB.bin de tamaño 104857600
INFO:root:CLIENTE 22: Recibiendo archivo 100MB.bin de tamaño 104857600
INFO:root:CLIENTE 23: Recibiendo archivo 100MB.bin de tamaño 104857600
INFO:root:CLIENTE 18: Recibiendo archivo 100MB.bin de tamaño 104857600
INFO:root:MAIN: Se han recibido todos los archivos. Se verificará Integridad para cada cliente.
INFO:root:CLIENTE 2: Integridad verificada correctamente (Hash OK)
INFO:root:CLIENTE 2: Total_de_bytes_recibidos:104857600 - Tiempo_tranferencia:3.188segundos - Tasa_transferencia_promedio:32892031.673B/s
INFO:root:CLIENTE 15: Integridad verificada correctamente (Hash OK)
INFO:root:CLIENTE 15: Total_de_bytes_recibidos:104857600 - Tiempo_tranferencia:4.577segundos - Tasa_transferencia_promedio:22910499.196B/s
INFO:root:CLIENTE 5: Integridad verificada correctamente (Hash OK)
INFO:root:CLIENTE 5: Total_de_bytes_recibidos:104857600 - Tiempo_tranferencia:3.401segundos - Tasa_transferencia_promedio:30833196.353B/s
INFO:root:CLIENTE 20: Integridad verificada correctamente (Hash OK)
INFO:root:CLIENTE 20: Total_de_bytes_recibidos:104857600 - Tiempo_tranferencia:2.441segundos - Tasa_transferencia_promedio:42960694.224B/s
INFO:root:CLIENTE 8: Integridad verificada correctamente (Hash OK)
INFO:root:CLIENTE 8: Total_de_bytes_recibidos:104857600 - Tiempo_tranferencia:4.18segundos - Tasa_transferencia_promedio:25088496.259B/s
INFO:root:CLIENTE 10: Integridad verificada correctamente (Hash OK)
INFO:root:CLIENTE 10: Total_de_bytes_recibidos:104857600 - Tiempo_tranferencia:4.636segundos - Tasa_transferencia_promedio:22620002.841B/s
INFO:root:CLIENTE 1: Integridad verificada correctamente (Hash OK)
INFO:root:CLIENTE 1: Total_de_bytes_recibidos:104857600 - Tiempo_tranferencia:4.633segundos - Tasa_transferencia_promedio:22633972.148B/s
INFO:root:CLIENTE 3: Integridad verificada correctamente (Hash OK)
INFO:root:CLIENTE 3: Total_de_bytes_recibidos:104857600 - Tiempo_tranferencia:4.501segundos - Tasa_transferencia_promedio:23295874.291B/s
INFO:root:CLIENTE 11: Integridad verificada correctamente (Hash OK)
INFO:root:CLIENTE 11: Total_de_bytes_recibidos:104857600 - Tiempo_tranferencia:3.227segundos - Tasa_transferencia_promedio:32494599.15B/s
INFO:root:CLIENTE 6: Integridad verificada correctamente (Hash OK)
INFO:root:CLIENTE 6: Total_de_bytes_recibidos:104857600 - Tiempo_tranferencia:3.675segundos - Tasa_transferencia_promedio:28533750.607B/s
INFO:root:CLIENTE 22: Integridad verificada correctamente (Hash OK)
INFO:root:CLIENTE 22: Total_de_bytes_recibidos:104857600 - Tiempo_tranferencia:3.428segundos - Tasa_transferencia_promedio:30590196.837B/s
INFO:root:CLIENTE 13: Integridad verificada correctamente (Hash OK)
INFO:root:CLIENTE 13: Total_de_bytes_recibidos:104857600 - Tiempo_tranferencia:4.476segundos - Tasa_transferencia_promedio:23425008.468B/s
INFO:root:CLIENTE 12: Integridad verificada correctamente (Hash OK)
INFO:root:CLIENTE 12: Total_de_bytes_recibidos:104857600 - Tiempo_tranferencia:2.591segundos - Tasa_transferencia_promedio:40476179.184B/s
INFO:root:CLIENTE 21: Integridad verificada correctamente (Hash OK)
INFO:root:CLIENTE 21: Total_de_bytes_recibidos:104857600 - Tiempo_tranferencia:3.414segundos - Tasa_transferencia_promedio:30715090.525B/s
INFO:root:CLIENTE 23: Integridad verificada correctamente (Hash OK)
INFO:root:CLIENTE 23: Total_de_bytes_recibidos:104857600 - Tiempo_tranferencia:3.188segundos - Tasa_transferencia_promedio:32888074.132B/s
INFO:root:CLIENTE 24: Integridad verificada correctamente (Hash OK)
INFO:root:CLIENTE 24: Total_de_bytes_recibidos:104857600 - Tiempo_tranferencia:3.748segundos - Tasa_transferencia_promedio:27976845.182B/s
INFO:root:CLIENTE 9: Integridad verificada correctamente (Hash OK)
INFO:root:CLIENTE 9: Total_de_bytes_recibidos:104857600 - Tiempo_tranferencia:2.993segundos - Tasa_transferencia_promedio:35033238.697B/s
INFO:root:CLIENTE 7: Integridad verificada correctamente (Hash OK)
INFO:root:CLIENTE 7: Total_de_bytes_recibidos:104857600 - Tiempo_tranferencia:3.139segundos - Tasa_transferencia_promedio:33406608.674B/s
INFO:root:CLIENTE 4: Integridad verificada correctamente (Hash OK)
INFO:root:CLIENTE 4: Total_de_bytes_recibidos:104857600 - Tiempo_tranferencia:2.495segundos - Tasa_transferencia_promedio:42021586.82B/s
INFO:root:CLIENTE 18: Integridad verificada correctamente (Hash OK)
INFO:root:CLIENTE 18: Total_de_bytes_recibidos:104857600 - Tiempo_tranferencia:2.414segundos - Tasa_transferencia_promedio:43434047.421B/s
INFO:root:CLIENTE 19: Integridad verificada correctamente (Hash OK)
INFO:root:CLIENTE 19: Total_de_bytes_recibidos:104857600 - Tiempo_tranferencia:2.155segundos - Tasa_transferencia_promedio:48658061.919B/s
INFO:root:CLIENTE 17: Integridad verificada correctamente (Hash OK)
INFO:root:CLIENTE 17: Total_de_bytes_recibidos:104857600 - Tiempo_tranferencia:3.781segundos - Tasa_transferencia_promedio:27731881.516B/s
INFO:root:CLIENTE 16: Integridad verificada correctamente (Hash OK)
INFO:root:CLIENTE 16: Total_de_bytes_recibidos:104857600 - Tiempo_tranferencia:3.626segundos - Tasa_transferencia_promedio:28918710.162B/s
INFO:root:CLIENTE 14: Integridad verificada correctamente (Hash OK)
INFO:root:CLIENTE 14: Total_de_bytes_recibidos:104857600 - Tiempo_tranferencia:3.424segundos - Tasa_transferencia_promedio:30624584.59B/s
INFO:root:CLIENTE 0: Integridad verificada correctamente (Hash OK)
INFO:root:CLIENTE 0: Total_de_bytes_recibidos:104857600 - Tiempo_tranferencia:3.404segundos - Tasa_transferencia_promedio:30803886.874B/s
INFO:root:MAIN: Los archivos transferidos exitosamente fueron almacenados en "archivos_recibidos/clienteX_Y", donde X es el numero del cliente y Y el nombre original del archivo transferido
INFO:root:MAIN: Ejecucion terminada
