INFO:root:MAIN: creando 3 clientes
INFO:root:CLIENTE 0: creado. Entrando en espera
INFO:root:CLIENTE 1: creado. Entrando en espera
INFO:root:CLIENTE 2: creado. Entrando en espera
INFO:root:MAIN: Se han creado correctamente todos los clientes, iniciando las conexiones en 5 segundos. Cada conexion ser치 lanzada con 1 segundo(s) de diferencia
INFO:root:CLIENTE 0: Iniciando proceso de conexion
INFO:root:CLIENTE 0: Intentando enviar mensaje a  usando el puerto 12345
INFO:root:CLIENTE 0: Mensaje enviado exitosamente! Esperando al envio por parte del servidor
INFO:root:CLIENTE 0: Esperando al envio de un archivo
INFO:root:CLIENTE 1: Iniciando proceso de conexion
INFO:root:CLIENTE 1: Intentando enviar mensaje a  usando el puerto 12345
INFO:root:CLIENTE 1: Mensaje enviado exitosamente! Esperando al envio por parte del servidor
INFO:root:CLIENTE 1: Esperando al envio de un archivo
INFO:root:CLIENTE 2: Iniciando proceso de conexion
INFO:root:CLIENTE 2: Intentando enviar mensaje a  usando el puerto 12345
INFO:root:CLIENTE 2: Mensaje enviado exitosamente! Esperando al envio por parte del servidor
INFO:root:CLIENTE 2: Esperando al envio de un archivo
INFO:root:CLIENTE 0: Recibiendo archivo 100MB.bin de tama침o 104857600
INFO:root:CLIENTE 2: Recibiendo archivo 100MB.bin de tama침o 104857600
INFO:root:CLIENTE 1: Recibiendo archivo 100MB.bin de tama침o 104857600
INFO:root:MAIN: Se han recibido todos los archivos.
INFO:root:CLIENTE 0: Total_de_bytes_recibidos:9822208 - Tiempo_tranferencia:24.922segundos - Tasa_transferencia_promedio:4207414.936B/s
INFO:root:CLIENTE 1: Total_de_bytes_recibidos:10191872 - Tiempo_tranferencia:24.992segundos - Tasa_transferencia_promedio:4195604.763B/s
INFO:root:CLIENTE 2: Total_de_bytes_recibidos:10687488 - Tiempo_tranferencia:25.247segundos - Tasa_transferencia_promedio:4153308.999B/s
INFO:root:MAIN: Los archivos transferidos exitosamente fueron almacenados en "archivos_recibidos/clienteX_Y", donde X es el numero del cliente y Y el nombre original del archivo transferido
INFO:root:MAIN: Ejecucion terminada
