INFO:root:MAIN: creando 25 clientes
INFO:root:CLIENTE 0: creado. Entrando en espera
INFO:root:CLIENTE 1: creado. Entrando en espera
INFO:root:CLIENTE 2: creado. Entrando en espera
INFO:root:CLIENTE 3: creado. Entrando en espera
INFO:root:CLIENTE 4: creado. Entrando en espera
INFO:root:CLIENTE 5: creado. Entrando en espera
INFO:root:CLIENTE 6: creado. Entrando en espera
INFO:root:CLIENTE 7: creado. Entrando en espera
INFO:root:CLIENTE 8: creado. Entrando en espera
INFO:root:CLIENTE 9: creado. Entrando en espera
INFO:root:CLIENTE 10: creado. Entrando en espera
INFO:root:CLIENTE 11: creado. Entrando en espera
INFO:root:CLIENTE 12: creado. Entrando en espera
INFO:root:CLIENTE 13: creado. Entrando en espera
INFO:root:CLIENTE 14: creado. Entrando en espera
INFO:root:CLIENTE 15: creado. Entrando en espera
INFO:root:CLIENTE 16: creado. Entrando en espera
INFO:root:CLIENTE 17: creado. Entrando en espera
INFO:root:CLIENTE 18: creado. Entrando en espera
INFO:root:CLIENTE 19: creado. Entrando en espera
INFO:root:CLIENTE 20: creado. Entrando en espera
INFO:root:CLIENTE 21: creado. Entrando en espera
INFO:root:CLIENTE 22: creado. Entrando en espera
INFO:root:CLIENTE 23: creado. Entrando en espera
INFO:root:CLIENTE 24: creado. Entrando en espera
INFO:root:MAIN: Se han creado correctamente todos los clientes, iniciando las conexiones en 5 segundos. Cada conexion será lanzada con 2 segundo(s) de diferencia
INFO:root:CLIENTE 0: Iniciando proceso de conexion
INFO:root:CLIENTE 0: Intentando conectarse a localhost usando el puerto 10000
INFO:root:CLIENTE 0: Conexion exitosa! Esperando al envio
INFO:root:CLIENTE 0: Esperando al envio de un archivo
INFO:root:CLIENTE 1: Iniciando proceso de conexion
INFO:root:CLIENTE 1: Intentando conectarse a localhost usando el puerto 10000
INFO:root:CLIENTE 1: Conexion exitosa! Esperando al envio
INFO:root:CLIENTE 1: Esperando al envio de un archivo
INFO:root:CLIENTE 2: Iniciando proceso de conexion
INFO:root:CLIENTE 2: Intentando conectarse a localhost usando el puerto 10000
INFO:root:CLIENTE 2: Conexion exitosa! Esperando al envio
INFO:root:CLIENTE 2: Esperando al envio de un archivo
INFO:root:CLIENTE 3: Iniciando proceso de conexion
INFO:root:CLIENTE 3: Intentando conectarse a localhost usando el puerto 10000
INFO:root:CLIENTE 3: Conexion exitosa! Esperando al envio
INFO:root:CLIENTE 3: Esperando al envio de un archivo
INFO:root:CLIENTE 4: Iniciando proceso de conexion
INFO:root:CLIENTE 4: Intentando conectarse a localhost usando el puerto 10000
INFO:root:CLIENTE 4: Conexion exitosa! Esperando al envio
INFO:root:CLIENTE 4: Esperando al envio de un archivo
INFO:root:CLIENTE 5: Iniciando proceso de conexion
INFO:root:CLIENTE 5: Intentando conectarse a localhost usando el puerto 10000
INFO:root:CLIENTE 5: Conexion exitosa! Esperando al envio
INFO:root:CLIENTE 5: Esperando al envio de un archivo
INFO:root:CLIENTE 6: Iniciando proceso de conexion
INFO:root:CLIENTE 6: Intentando conectarse a localhost usando el puerto 10000
INFO:root:CLIENTE 6: Conexion exitosa! Esperando al envio
INFO:root:CLIENTE 6: Esperando al envio de un archivo
INFO:root:CLIENTE 7: Iniciando proceso de conexion
INFO:root:CLIENTE 7: Intentando conectarse a localhost usando el puerto 10000
INFO:root:CLIENTE 7: Conexion exitosa! Esperando al envio
INFO:root:CLIENTE 7: Esperando al envio de un archivo
INFO:root:CLIENTE 8: Iniciando proceso de conexion
INFO:root:CLIENTE 8: Intentando conectarse a localhost usando el puerto 10000
INFO:root:CLIENTE 8: Conexion exitosa! Esperando al envio
INFO:root:CLIENTE 8: Esperando al envio de un archivo
INFO:root:CLIENTE 9: Iniciando proceso de conexion
INFO:root:CLIENTE 9: Intentando conectarse a localhost usando el puerto 10000
INFO:root:CLIENTE 9: Conexion exitosa! Esperando al envio
INFO:root:CLIENTE 9: Esperando al envio de un archivo
INFO:root:CLIENTE 10: Iniciando proceso de conexion
INFO:root:CLIENTE 10: Intentando conectarse a localhost usando el puerto 10000
INFO:root:CLIENTE 10: Conexion exitosa! Esperando al envio
INFO:root:CLIENTE 10: Esperando al envio de un archivo
INFO:root:CLIENTE 11: Iniciando proceso de conexion
INFO:root:CLIENTE 11: Intentando conectarse a localhost usando el puerto 10000
INFO:root:CLIENTE 11: Conexion exitosa! Esperando al envio
INFO:root:CLIENTE 11: Esperando al envio de un archivo
INFO:root:CLIENTE 12: Iniciando proceso de conexion
INFO:root:CLIENTE 12: Intentando conectarse a localhost usando el puerto 10000
INFO:root:CLIENTE 12: Conexion exitosa! Esperando al envio
INFO:root:CLIENTE 12: Esperando al envio de un archivo
INFO:root:CLIENTE 13: Iniciando proceso de conexion
INFO:root:CLIENTE 13: Intentando conectarse a localhost usando el puerto 10000
INFO:root:CLIENTE 13: Conexion exitosa! Esperando al envio
INFO:root:CLIENTE 13: Esperando al envio de un archivo
INFO:root:CLIENTE 14: Iniciando proceso de conexion
INFO:root:CLIENTE 14: Intentando conectarse a localhost usando el puerto 10000
INFO:root:CLIENTE 14: Conexion exitosa! Esperando al envio
INFO:root:CLIENTE 14: Esperando al envio de un archivo
INFO:root:CLIENTE 15: Iniciando proceso de conexion
INFO:root:CLIENTE 15: Intentando conectarse a localhost usando el puerto 10000
INFO:root:CLIENTE 15: Conexion exitosa! Esperando al envio
INFO:root:CLIENTE 15: Esperando al envio de un archivo
INFO:root:CLIENTE 16: Iniciando proceso de conexion
INFO:root:CLIENTE 16: Intentando conectarse a localhost usando el puerto 10000
INFO:root:CLIENTE 16: Conexion exitosa! Esperando al envio
INFO:root:CLIENTE 16: Esperando al envio de un archivo
INFO:root:CLIENTE 17: Iniciando proceso de conexion
INFO:root:CLIENTE 17: Intentando conectarse a localhost usando el puerto 10000
INFO:root:CLIENTE 17: Conexion exitosa! Esperando al envio
INFO:root:CLIENTE 17: Esperando al envio de un archivo
INFO:root:CLIENTE 18: Iniciando proceso de conexion
INFO:root:CLIENTE 18: Intentando conectarse a localhost usando el puerto 10000
INFO:root:CLIENTE 18: Conexion exitosa! Esperando al envio
INFO:root:CLIENTE 18: Esperando al envio de un archivo
INFO:root:CLIENTE 19: Iniciando proceso de conexion
INFO:root:CLIENTE 19: Intentando conectarse a localhost usando el puerto 10000
INFO:root:CLIENTE 19: Conexion exitosa! Esperando al envio
INFO:root:CLIENTE 19: Esperando al envio de un archivo
INFO:root:CLIENTE 20: Iniciando proceso de conexion
INFO:root:CLIENTE 20: Intentando conectarse a localhost usando el puerto 10000
INFO:root:CLIENTE 20: Conexion exitosa! Esperando al envio
INFO:root:CLIENTE 20: Esperando al envio de un archivo
INFO:root:CLIENTE 21: Iniciando proceso de conexion
INFO:root:CLIENTE 21: Intentando conectarse a localhost usando el puerto 10000
INFO:root:CLIENTE 21: Conexion exitosa! Esperando al envio
INFO:root:CLIENTE 21: Esperando al envio de un archivo
INFO:root:CLIENTE 22: Iniciando proceso de conexion
INFO:root:CLIENTE 22: Intentando conectarse a localhost usando el puerto 10000
INFO:root:CLIENTE 22: Conexion exitosa! Esperando al envio
INFO:root:CLIENTE 22: Esperando al envio de un archivo
INFO:root:CLIENTE 23: Iniciando proceso de conexion
INFO:root:CLIENTE 23: Intentando conectarse a localhost usando el puerto 10000
INFO:root:CLIENTE 23: Conexion exitosa! Esperando al envio
INFO:root:CLIENTE 23: Esperando al envio de un archivo
INFO:root:CLIENTE 24: Iniciando proceso de conexion
INFO:root:CLIENTE 24: Intentando conectarse a localhost usando el puerto 10000
INFO:root:CLIENTE 24: Conexion exitosa! Esperando al envio
INFO:root:CLIENTE 24: Esperando al envio de un archivo
INFO:root:CLIENTE 18: Recibiendo archivo 100MB.bin de tamaño 104857600
INFO:root:CLIENTE 14: Recibiendo archivo 100MB.bin de tamaño 104857600
INFO:root:CLIENTE 2: Recibiendo archivo 100MB.bin de tamaño 104857600
INFO:root:CLIENTE 21: Recibiendo archivo 100MB.bin de tamaño 104857600
INFO:root:CLIENTE 24: Recibiendo archivo 100MB.bin de tamaño 104857600
INFO:root:CLIENTE 13: Recibiendo archivo 100MB.bin de tamaño 104857600
INFO:root:CLIENTE 7: Recibiendo archivo 100MB.bin de tamaño 104857600
INFO:root:CLIENTE 11: Recibiendo archivo 100MB.bin de tamaño 104857600
INFO:root:CLIENTE 8: Recibiendo archivo 100MB.bin de tamaño 104857600
INFO:root:CLIENTE 1: Recibiendo archivo 100MB.bin de tamaño 104857600
INFO:root:CLIENTE 16: Recibiendo archivo 100MB.bin de tamaño 104857600
INFO:root:CLIENTE 22: Recibiendo archivo 100MB.bin de tamaño 104857600
INFO:root:CLIENTE 4: Recibiendo archivo 100MB.bin de tamaño 104857600
INFO:root:CLIENTE 23: Recibiendo archivo 100MB.bin de tamaño 104857600
INFO:root:CLIENTE 12: Recibiendo archivo 100MB.bin de tamaño 104857600
INFO:root:CLIENTE 17: Recibiendo archivo 100MB.bin de tamaño 104857600
INFO:root:CLIENTE 10: Recibiendo archivo 100MB.bin de tamaño 104857600
INFO:root:CLIENTE 15: Recibiendo archivo 100MB.bin de tamaño 104857600
INFO:root:CLIENTE 20: Recibiendo archivo 100MB.bin de tamaño 104857600
INFO:root:CLIENTE 6: Recibiendo archivo 100MB.bin de tamaño 104857600
INFO:root:CLIENTE 9: Recibiendo archivo 100MB.bin de tamaño 104857600
INFO:root:CLIENTE 19: Recibiendo archivo 100MB.bin de tamaño 104857600
INFO:root:CLIENTE 3: Recibiendo archivo 100MB.bin de tamaño 104857600
INFO:root:CLIENTE 0: Recibiendo archivo 100MB.bin de tamaño 104857600
INFO:root:CLIENTE 5: Recibiendo archivo 100MB.bin de tamaño 104857600
ERROR:root:CLIENTE 24: Ha fallado el intento de conexion ([Errno 54] Connection reset by peer)
ERROR:root:CLIENTE 2: Ha fallado el intento de conexion ([Errno 54] Connection reset by peer)
ERROR:root:CLIENTE 4: Ha fallado el intento de conexion ([Errno 54] Connection reset by peer)
ERROR:root:CLIENTE 1: Ha fallado el intento de conexion ([Errno 54] Connection reset by peer)
ERROR:root:CLIENTE 21: Ha fallado el intento de conexion ([Errno 54] Connection reset by peer)
ERROR:root:CLIENTE 22: Ha fallado el intento de conexion ([Errno 54] Connection reset by peer)
ERROR:root:CLIENTE 14: Ha fallado el intento de conexion ([Errno 54] Connection reset by peer)
ERROR:root:CLIENTE 18: Ha fallado el intento de conexion ([Errno 54] Connection reset by peer)
ERROR:root:CLIENTE 7: Ha fallado el intento de conexion ([Errno 54] Connection reset by peer)
ERROR:root:CLIENTE 12: Ha fallado el intento de conexion ([Errno 54] Connection reset by peer)
ERROR:root:CLIENTE 11: Ha fallado el intento de conexion ([Errno 54] Connection reset by peer)
ERROR:root:CLIENTE 9: Ha fallado el intento de conexion ([Errno 54] Connection reset by peer)
