INFO:root:MAIN: creando 10 clientes
INFO:root:CLIENTE 0: creado. Entrando en espera
INFO:root:CLIENTE 1: creado. Entrando en espera
INFO:root:CLIENTE 2: creado. Entrando en espera
INFO:root:CLIENTE 3: creado. Entrando en espera
INFO:root:CLIENTE 4: creado. Entrando en espera
INFO:root:CLIENTE 5: creado. Entrando en espera
INFO:root:CLIENTE 6: creado. Entrando en espera
INFO:root:CLIENTE 7: creado. Entrando en espera
INFO:root:CLIENTE 8: creado. Entrando en espera
INFO:root:CLIENTE 9: creado. Entrando en espera
INFO:root:MAIN: Se han creado correctamente todos los clientes, iniciando las conexiones en 5 segundos. Cada conexion será lanzada con 3 segundo(s) de diferencia
INFO:root:CLIENTE 0: Iniciando proceso de conexion
INFO:root:CLIENTE 0: Intentando conectarse a localhost usando el puerto 12345
INFO:root:CLIENTE 0: Conexion exitosa! Esperando al envio
INFO:root:CLIENTE 0: Esperando al envio de un archivo
INFO:root:CLIENTE 1: Iniciando proceso de conexion
INFO:root:CLIENTE 1: Intentando conectarse a localhost usando el puerto 12345
INFO:root:CLIENTE 1: Conexion exitosa! Esperando al envio
INFO:root:CLIENTE 1: Esperando al envio de un archivo
INFO:root:CLIENTE 2: Iniciando proceso de conexion
INFO:root:CLIENTE 2: Intentando conectarse a localhost usando el puerto 12345
INFO:root:CLIENTE 2: Conexion exitosa! Esperando al envio
INFO:root:CLIENTE 2: Esperando al envio de un archivo
INFO:root:CLIENTE 3: Iniciando proceso de conexion
INFO:root:CLIENTE 3: Intentando conectarse a localhost usando el puerto 12345
INFO:root:CLIENTE 3: Conexion exitosa! Esperando al envio
INFO:root:CLIENTE 3: Esperando al envio de un archivo
INFO:root:CLIENTE 4: Iniciando proceso de conexion
INFO:root:CLIENTE 4: Intentando conectarse a localhost usando el puerto 12345
INFO:root:CLIENTE 4: Conexion exitosa! Esperando al envio
INFO:root:CLIENTE 4: Esperando al envio de un archivo
INFO:root:CLIENTE 5: Iniciando proceso de conexion
INFO:root:CLIENTE 5: Intentando conectarse a localhost usando el puerto 12345
INFO:root:CLIENTE 5: Conexion exitosa! Esperando al envio
INFO:root:CLIENTE 5: Esperando al envio de un archivo
INFO:root:CLIENTE 6: Iniciando proceso de conexion
INFO:root:CLIENTE 6: Intentando conectarse a localhost usando el puerto 12345
INFO:root:CLIENTE 6: Conexion exitosa! Esperando al envio
INFO:root:CLIENTE 6: Esperando al envio de un archivo
INFO:root:CLIENTE 7: Iniciando proceso de conexion
INFO:root:CLIENTE 7: Intentando conectarse a localhost usando el puerto 12345
INFO:root:CLIENTE 7: Conexion exitosa! Esperando al envio
INFO:root:CLIENTE 7: Esperando al envio de un archivo
INFO:root:CLIENTE 8: Iniciando proceso de conexion
INFO:root:CLIENTE 8: Intentando conectarse a localhost usando el puerto 12345
INFO:root:CLIENTE 8: Conexion exitosa! Esperando al envio
INFO:root:CLIENTE 8: Esperando al envio de un archivo
INFO:root:CLIENTE 9: Iniciando proceso de conexion
INFO:root:CLIENTE 9: Intentando conectarse a localhost usando el puerto 12345
INFO:root:CLIENTE 9: Conexion exitosa! Esperando al envio
INFO:root:CLIENTE 9: Esperando al envio de un archivo
INFO:root:CLIENTE 7: Recibiendo archivo 100MB.bin de tamaño 104857600
INFO:root:CLIENTE 0: Recibiendo archivo 100MB.bin de tamaño 104857600
INFO:root:CLIENTE 6: Recibiendo archivo 100MB.bin de tamaño 104857600
INFO:root:CLIENTE 4: Recibiendo archivo 100MB.bin de tamaño 104857600
INFO:root:CLIENTE 3: Recibiendo archivo 100MB.bin de tamaño 104857600
INFO:root:CLIENTE 8: Recibiendo archivo 100MB.bin de tamaño 104857600
INFO:root:CLIENTE 2: Recibiendo archivo 100MB.bin de tamaño 104857600
INFO:root:CLIENTE 9: Recibiendo archivo 100MB.bin de tamaño 104857600
INFO:root:CLIENTE 5: Recibiendo archivo 100MB.bin de tamaño 104857600
INFO:root:CLIENTE 1: Recibiendo archivo 100MB.bin de tamaño 104857600
