INFO:root:MAIN: creando 3 clientes
INFO:root:CLIENTE 0: creado. Entrando en espera
INFO:root:CLIENTE 1: creado. Entrando en espera
INFO:root:CLIENTE 2: creado. Entrando en espera
INFO:root:MAIN: Se han creado correctamente todos los clientes, iniciando las conexiones en 5 segundos. Cada conexion será lanzada con 1 segundo(s) de diferencia
INFO:root:CLIENTE 0: Iniciando proceso de conexion
INFO:root:CLIENTE 0: Intentando enviar mensaje a  usando el puerto 12345
INFO:root:CLIENTE 0: Mensaje enviado exitosamente! Esperando al envio por parte del servidor
INFO:root:CLIENTE 0: Esperando al envio de un archivo
INFO:root:CLIENTE 1: Iniciando proceso de conexion
INFO:root:CLIENTE 1: Intentando enviar mensaje a  usando el puerto 12345
INFO:root:CLIENTE 1: Mensaje enviado exitosamente! Esperando al envio por parte del servidor
INFO:root:CLIENTE 1: Esperando al envio de un archivo
INFO:root:CLIENTE 2: Iniciando proceso de conexion
INFO:root:CLIENTE 2: Intentando enviar mensaje a  usando el puerto 12345
INFO:root:CLIENTE 2: Mensaje enviado exitosamente! Esperando al envio por parte del servidor
INFO:root:CLIENTE 2: Esperando al envio de un archivo
INFO:root:CLIENTE 1: Recibiendo archivo 100MB.bin de tamaño 104857600
INFO:root:CLIENTE 0: Recibiendo archivo 100MB.bin de tamaño 104857600
INFO:root:CLIENTE 2: Recibiendo archivo 100MB.bin de tamaño 104857600
INFO:root:MAIN: Se han recibido todos los archivos. Se verificará Integridad para cada cliente.
ERROR:root:CLIENTE 0: ¡Error de integridad!
ERROR:root:CLIENTE 0: 18ab7e45be5ad5478fc06305508a73f7c891f681
ERROR:root:CLIENTE 0: 2c2ceccb5ec5574f791d45b63c940cff20550f9a
INFO:root:CLIENTE 0: Total_de_bytes_recibidos:104857600 - Tiempo_tranferencia:3.644segundos - Tasa_transferencia_promedio:28771589.822B/s
ERROR:root:CLIENTE 1: ¡Error de integridad!
ERROR:root:CLIENTE 1: eb341e3de3179b9f09a05f51e76ef59470aebb4a
ERROR:root:CLIENTE 1: 2c2ceccb5ec5574f791d45b63c940cff20550f9a
INFO:root:CLIENTE 1: Total_de_bytes_recibidos:104857600 - Tiempo_tranferencia:3.801segundos - Tasa_transferencia_promedio:27584392.963B/s
ERROR:root:CLIENTE 2: ¡Error de integridad!
ERROR:root:CLIENTE 2: 20964ebd37d139a5304d363e20a6bb13b719cf30
ERROR:root:CLIENTE 2: 2c2ceccb5ec5574f791d45b63c940cff20550f9a
INFO:root:CLIENTE 2: Total_de_bytes_recibidos:104857600 - Tiempo_tranferencia:3.663segundos - Tasa_transferencia_promedio:28627810.961B/s
INFO:root:MAIN: Los archivos transferidos exitosamente fueron almacenados en "archivos_recibidos/clienteX_Y", donde X es el numero del cliente y Y el nombre original del archivo transferido
INFO:root:MAIN: Ejecucion terminada
